<?xml version="1.0" encoding="UTF-8"?>
<testng-results ignored="0" total="0" passed="0" failed="0" skipped="0">
  <reporter-output>
  </reporter-output>
  <suite started-at="2019-09-20T11:50:17Z" name="Suite" finished-at="2019-09-20T11:50:17Z" duration-ms="6">
    <groups>
    </groups>
    <test started-at="2019-09-20T11:50:17Z" name="Test" finished-at="2019-09-20T11:50:17Z" duration-ms="6">
      <class name="com.crmTestCases.WelComePageTest">
        <test-method is-config="true" signature="setUpSuite()[pri:0, instance:com.crmTestCases.WelComePageTest@6913c1fb]" started-at="2019-09-20T11:50:17Z" name="setUpSuite" finished-at="2019-09-20T11:50:17Z" duration-ms="233" status="PASS">
          <reporter-output>
          </reporter-output>
        </test-method> <!-- setUpSuite -->
      </class> <!-- com.crmTestCases.WelComePageTest -->
    </test> <!-- Test -->
  </suite> <!-- Suite -->
</testng-results>
