<?xml version="1.0" encoding="UTF-8"?>
<testng-results ignored="0" total="1" passed="1" failed="0" skipped="0">
  <reporter-output>
  </reporter-output>
  <suite started-at="2019-09-18T19:06:04Z" name="Default suite" finished-at="2019-09-18T19:06:04Z" duration-ms="41">
    <groups>
    </groups>
    <test started-at="2019-09-18T19:06:04Z" name="Default test" finished-at="2019-09-18T19:06:04Z" duration-ms="41">
      <class name="com.crmTestCases.welComePageTest">
        <test-method signature="test()[pri:0, instance:com.crmTestCases.welComePageTest@2362f559]" started-at="2019-09-18T19:06:04Z" name="test" finished-at="2019-09-18T19:06:04Z" duration-ms="10" status="PASS">
          <reporter-output>
          </reporter-output>
        </test-method> <!-- test -->
      </class> <!-- com.crmTestCases.welComePageTest -->
    </test> <!-- Default test -->
  </suite> <!-- Default suite -->
</testng-results>
